<?xml version="1.0" encoding="UTF-8" ?>
<testsuite tests="1" failures="0" name="TestSuite" time="130.672" errors="0" skipped="0">
  <properties>
    <property name="java.runtime.name" value="Java(TM) SE Runtime Environment"/>
    <property name="sun.boot.library.path" value="C:\Program Files\Java\jdk1.8.0_111\jre\bin"/>
    <property name="java.vm.version" value="25.111-b14"/>
    <property name="java.vm.vendor" value="Oracle Corporation"/>
    <property name="java.vendor.url" value="http://java.oracle.com/"/>
    <property name="path.separator" value=";"/>
    <property name="guice.disable.misplaced.annotation.check" value="true"/>
    <property name="java.vm.name" value="Java HotSpot(TM) Client VM"/>
    <property name="file.encoding.pkg" value="sun.io"/>
    <property name="user.script" value=""/>
    <property name="user.country" value="US"/>
    <property name="sun.java.launcher" value="SUN_STANDARD"/>
    <property name="sun.os.patch.level" value="Service Pack 2"/>
    <property name="TEST_URL" value="http://yahoo.com"/>
    <property name="java.vm.specification.name" value="Java Virtual Machine Specification"/>
    <property name="user.dir" value="C:\Users\BROWN HOUSE\workspace\cem-tests"/>
    <property name="java.runtime.version" value="1.8.0_111-b14"/>
    <property name="java.awt.graphicsenv" value="sun.awt.Win32GraphicsEnvironment"/>
    <property name="java.endorsed.dirs" value="C:\Program Files\Java\jdk1.8.0_111\jre\lib\endorsed"/>
    <property name="os.arch" value="x86"/>
    <property name="java.io.tmpdir" value="C:\Users\BROWNH~1\AppData\Local\Temp\"/>
    <property name="line.separator" value="
"/>
    <property name="java.vm.specification.vendor" value="Oracle Corporation"/>
    <property name="user.variant" value=""/>
    <property name="os.name" value="Windows Vista"/>
    <property name="classworlds.conf" value="C:\SELENIUM\Workspace\cem-tests\.metadata\.plugins\org.eclipse.m2e.launching\launches\m2conf7103614737994977418.tmp"/>
    <property name="sun.jnu.encoding" value="Cp1252"/>
    <property name="java.library.path" value="C:\Program Files\Java\jdk1.8.0_111\bin;C:\Windows\Sun\Java\bin;C:\Windows\system32;C:\Windows;C:/Program Files/Java/jre1.8.0_111/bin/client;C:/Program Files/Java/jre1.8.0_111/bin;C:/Program Files/Java/jre1.8.0_111/lib/i386;C:\ProgramData\Oracle\Java\javapath;C:\Python27\;C:\Python27\Scripts;C:\ProgramData\Oracle\Java\javapath;C:\Python27\;C:\Python27\Scripts;C:\ProgramData\Oracle\Java\javapath;C:\Python27\;C:\Python27\Scripts;C:\Windows\System32;C:\Program Files\Java\jdk1.7.0_40\bin;c:\Program Files\Microsoft SQL Server\90\Tools\binn\;C:\MinGW32\bin;c:\Program Files\Microsoft SQL Server\100\Tools\Binn\;c:\Program Files\Microsoft SQL Server\100\DTS\Binn\;c:\SELENIUM\ANT\apache-ant-1.8.2\bin;C:\SELENIUM\apache-maven-3.0.4\bin;C:\SELENIUM\selen\IEDriverServer.exe;C:\msysgit\bin;C:\Windows\System32;C:\Ruby22\bin;C:\Program Files\Microsoft SQL Server\110\Tools\Binn\;C:\Program Files\MongoDB\Server\3.2\bin;C:\Android\sdk\tools;C:\Android\sdk\platform-tools;C:\cassandra\apache-cassandra-3.9\bin;C:\Program Files\Git\cmd;C:\Program Files\Git\bin;C:\Program Files\Java\jdk1.7.0_40\bin;c:\Program Files\Microsoft SQL Server\90\Tools\binn\;C:\MinGW32\bin;c:\Program Files\Microsoft SQL Server\100\Tools\Binn\;c:\Program Files\Microsoft SQL Server\100\DTS\Binn\;c:\SELENIUM\ANT\apache-ant-1.8.2\bin;C:\SELENIUM\apache-maven-3.0.4\bin;C:\SELENIUM\selen\IEDriverServer.exe;C:\msysgit\bin;C:\Windows\System32;C:\Ruby22\bin;C:\Program Files\Microsoft SQL Server\110\Tools\Binn\;C:\Program Files\MongoDB\Server\3.2\bin;C:\Android\sdk\tools;C:\Android\sdk\platform-tools;C:\cassandra\apache-cassandra-3.9\bin;C:\Program Files\Git\cmd;C:\Program Files\Git\bin;C:\Program Files\Java\jdk1.7.0_40\bin;c:\Program Files\Microsoft SQL Server\90\Tools\binn\;C:\MinGW32\bin;c:\Program Files\Microsoft SQL Server\100\Tools\Binn\;c:\Program Files\Microsoft SQL Server\100\DTS\Binn\;c:\SELENIUM\ANT\apache-ant-1.8.2\bin;C:\SELENIUM\apache-maven-3.0.4\bin;C:\SELENIUM\selen\IEDriverServer.exe;C:\msysgit\bin;C:\Windows\System32;C:\Ruby22\bin;C:\Program Files\Microsoft SQL Server\110\Tools\Binn\;C:\Program Files\MongoDB\Server\3.2\bin;C:\Android\sdk\tools;C:\Android\sdk\platform-tools;C:\cassandra\apache-cassandra-3.9\bin;C:\Program Files\Git\cmd;C:\Program Files\Git\bin;%SystemRoot%\system32\WindowsPowerShell\v1.0\;C:\Windows\System32;C:\Program Files\Java\jdk1.7.0_40\bin;c:\Program Files\Microsoft SQL Server\90\Tools\binn\;C:\MinGW32\bin;c:\Program Files\Microsoft SQL Server\100\Tools\Binn\;c:\Program Files\Microsoft SQL Server\100\DTS\Binn\;c:\SELENIUM\ANT\apache-ant-1.8.2\bin;C:\SELENIUM\apache-maven-3.0.4\bin;C:\SELENIUM\selen\IEDriverServer.exe;C:\msysgit\bin;C:\Windows\System32;C:\Ruby22\bin;C:\Program Files\Microsoft SQL Server\110\Tools\Binn\;C:\Program Files\Java\jdk1.7.0_40\bin;c:\Program Files\Microsoft SQL Server\90\Tools\binn\;C:\MinGW32\bin;c:\Program Files\Microsoft SQL Server\100\Tools\Binn\;c:\Program Files\Microsoft SQL Server\100\DTS\Binn\;c:\SELENIUM\ANT\apache-ant-1.8.2\bin;C:\SELENIUM\apache-maven-3.0.4\bin;C:\SELENIUM\selen\IEDriverServer.exe;C:\msysgit\bin;C:\Windows\System32;C:\Ruby22\bin;C:\Program Files\Microsoft SQL Server\110\Tools\Binn\;C:\Program Files\Java\jdk1.7.0_40\bin;c:\Program Files\Microsoft SQL Server\90\Tools\binn\;C:\MinGW32\bin;c:\Program Files\Microsoft SQL Server\100\Tools\Binn\;c:\Program Files\Microsoft SQL Server\100\DTS\Binn\;c:\SELENIUM\ANT\apache-ant-1.8.2\bin;C:\SELENIUM\apache-maven-3.0.4\bin;C:\SELENIUM\selen\IEDriverServer.exe;C:\msysgit\bin;C:\Windows\System32;C:\Ruby22\bin;C:\Program Files\Microsoft SQL Server\110\Tools\Binn\;%classpath%;;C:\Python27;C:\SELENIUM\Eclipse\eclipse;;."/>
    <property name="java.specification.name" value="Java Platform API Specification"/>
    <property name="java.class.version" value="52.0"/>
    <property name="sun.management.compiler" value="HotSpot Client Compiler"/>
    <property name="os.version" value="6.0"/>
    <property name="user.home" value="C:\Users\BROWN HOUSE"/>
    <property name="user.timezone" value="America/Los_Angeles"/>
    <property name="java.awt.printerjob" value="sun.awt.windows.WPrinterJob"/>
    <property name="java.specification.version" value="1.8"/>
    <property name="file.encoding" value="Cp1252"/>
    <property name="user.name" value="BROWN HOUSE"/>
    <property name="java.class.path" value="/C:/SELENIUM/Eclipse/eclipse/configuration/org.eclipse.osgi/bundles/1523/1/.cp/jars/plexus-classworlds-2.4.jar"/>
    <property name="java.vm.specification.version" value="1.8"/>
    <property name="sun.arch.data.model" value="32"/>
    <property name="java.home" value="C:\Program Files\Java\jdk1.8.0_111\jre"/>
    <property name="sun.java.command" value="org.codehaus.plexus.classworlds.launcher.Launcher -DTEST_URL=http://yahoo.com -B clean install"/>
    <property name="java.specification.vendor" value="Oracle Corporation"/>
    <property name="user.language" value="en"/>
    <property name="awt.toolkit" value="sun.awt.windows.WToolkit"/>
    <property name="java.vm.info" value="mixed mode"/>
    <property name="java.version" value="1.8.0_111"/>
    <property name="java.ext.dirs" value="C:\Program Files\Java\jdk1.8.0_111\jre\lib\ext;C:\Windows\Sun\Java\lib\ext"/>
    <property name="sun.boot.class.path" value="C:\Program Files\Java\jdk1.8.0_111\jre\lib\resources.jar;C:\Program Files\Java\jdk1.8.0_111\jre\lib\rt.jar;C:\Program Files\Java\jdk1.8.0_111\jre\lib\sunrsasign.jar;C:\Program Files\Java\jdk1.8.0_111\jre\lib\jsse.jar;C:\Program Files\Java\jdk1.8.0_111\jre\lib\jce.jar;C:\Program Files\Java\jdk1.8.0_111\jre\lib\charsets.jar;C:\Program Files\Java\jdk1.8.0_111\jre\lib\jfr.jar;C:\Program Files\Java\jdk1.8.0_111\jre\classes"/>
    <property name="java.vendor" value="Oracle Corporation"/>
    <property name="maven.home" value="C:\Users\BROWN HOUSE\workspace\cem-tests\EMBEDDED"/>
    <property name="file.separator" value="\"/>
    <property name="java.vendor.url.bug" value="http://bugreport.sun.com/bugreport/"/>
    <property name="maven.bootclasspath" value="/C:/SELENIUM/Eclipse/eclipse/configuration/org.eclipse.osgi/bundles/1523/1/.cp/jars/plexus-classworlds-2.4.jar"/>
    <property name="sun.cpu.endian" value="little"/>
    <property name="sun.io.unicode.encoding" value="UnicodeLittle"/>
    <property name="sun.desktop" value="windows"/>
    <property name="sun.cpu.isalist" value="pentium_pro+mmx pentium_pro pentium+mmx pentium i486 i386 i86"/>
  </properties>
  <testcase classname="com.yahoo.ycem.tests.helpcentral.HelpCentralTest" name="helpcentralTitleTest" time="130.672"/>
</testsuite>